<?xml version="1.0" encoding="UTF-8"?>
<testsuite xmlns:xsi="http://www.w3.org/2001/XMLSchema-instance" xsi:noNamespaceSchemaLocation="https://maven.apache.org/surefire/maven-surefire-plugin/xsd/surefire-test-report.xsd" version="3.0.2" name="com.prav.common.dto.CommonDTOTest" time="0.131" tests="3" errors="0" skipped="0" failures="0">
  <properties>
[...]
</properties>
  <testcase name="testPagedResponse" classname="com.prav.common.dto.CommonDTOTest" time="0.051"/>
  <testcase name="testApiResponse" classname="com.prav.common.dto.CommonDTOTest" time="0.017"/>
  <testcase name="testErrorResponse" classname="com.prav.common.dto.CommonDTOTest" time="0.008"/>
</testsuite>