<?xml version="1.0" encoding="UTF-8"?>
<testsuite xmlns:xsi="http://www.w3.org/2001/XMLSchema-instance" xsi:noNamespaceSchemaLocation="https://maven.apache.org/surefire/maven-surefire-plugin/xsd/surefire-test-report.xsd" version="3.0.2" name="com.prav.pizza.PizzaRepositoryTest" time="4.83" tests="14" errors="0" skipped="0" failures="0">
  <properties>
[...]
</properties>
  <testcase name="toppingFindByRestaurantId_shouldReturnToppingsForGivenRestaurant" classname="com.prav.pizza.PizzaRepositoryTest" time="0.356">
    <system-out><![CDATA[2026-04-26T13:56:31.017+05:30  INFO 19348 --- [pizza-service] [           main] t.c.s.AnnotationConfigContextLoaderUtils : Could not detect default configuration classes for test class [com.prav.pizza.PizzaRepositoryTest]: PizzaRepositoryTest does not declare any static, non-private, non-final, nested classes annotated with @Configuration.
2026-04-26T13:56:31.078+05:30  INFO 19348 --- [pizza-service] [           main] .b.t.c.SpringBootTestContextBootstrapper : Found @SpringBootConfiguration com.prav.pizza.PizzaServiceApplication for test class com.prav.pizza.PizzaRepositoryTest

  .   ____          _            __ _ _
 /\\ / ___'_ __ _ _(_)_ __  __ _ \ \ \ \
( ( )\___ | '_ | '_| | '_ \/ _` | \ \ \ \
 \\/  ___)| |_)| | | | | || (_| |  ) ) ) )
  '  |____| .__|_| |_|_| |_\__, | / / / /
 =========|_|==============|___/=/_/_/_/

 :: Spring Boot ::                (v3.4.0)

2026-04-26T13:56:31.205+05:30  INFO 19348 --- [pizza-service] [           main] com.prav.pizza.PizzaRepositoryTest       : Starting PizzaRepositoryTest using Java 21.0.10 with PID 19348 (started by SHADOWTH in D:\Eclipse IDE\Pizza\pizza-restaurant\pizza-service)
2026-04-26T13:56:31.206+05:30  INFO 19348 --- [pizza-service] [           main] com.prav.pizza.PizzaRepositoryTest       : The following 1 profile is active: "test"
2026-04-26T13:56:31.630+05:30  INFO 19348 --- [pizza-service] [           main] .s.d.r.c.RepositoryConfigurationDelegate : Bootstrapping Spring Data JPA repositories in DEFAULT mode.
2026-04-26T13:56:31.710+05:30  INFO 19348 --- [pizza-service] [           main] .s.d.r.c.RepositoryConfigurationDelegate : Finished Spring Data repository scanning in 60 ms. Found 3 JPA repository interfaces.
2026-04-26T13:56:32.161+05:30  INFO 19348 --- [pizza-service] [           main] o.hibernate.jpa.internal.util.LogHelper  : HHH000204: Processing PersistenceUnitInfo [name: default]
2026-04-26T13:56:32.302+05:30  INFO 19348 --- [pizza-service] [           main] org.hibernate.Version                    : HHH000412: Hibernate ORM core version 6.6.2.Final
2026-04-26T13:56:32.373+05:30  INFO 19348 --- [pizza-service] [           main] o.h.c.internal.RegionFactoryInitiator    : HHH000026: Second-level cache disabled
2026-04-26T13:56:32.547+05:30  INFO 19348 --- [pizza-service] [           main] o.s.o.j.p.SpringPersistenceUnitInfo      : No LoadTimeWeaver setup: ignoring JPA class transformer
2026-04-26T13:56:32.589+05:30  INFO 19348 --- [pizza-service] [           main] com.zaxxer.hikari.HikariDataSource       : HikariPool-1 - Starting...
2026-04-26T13:56:32.837+05:30  INFO 19348 --- [pizza-service] [           main] com.zaxxer.hikari.pool.HikariPool        : HikariPool-1 - Added connection com.mysql.cj.jdbc.ConnectionImpl@27c49f54
2026-04-26T13:56:32.842+05:30  INFO 19348 --- [pizza-service] [           main] com.zaxxer.hikari.HikariDataSource       : HikariPool-1 - Start completed.
2026-04-26T13:56:32.915+05:30  WARN 19348 --- [pizza-service] [           main] org.hibernate.orm.deprecation            : HHH90000025: MySQLDialect does not need to be specified explicitly using 'hibernate.dialect' (remove the property setting and it will be selected by default)
2026-04-26T13:56:32.941+05:30  INFO 19348 --- [pizza-service] [           main] org.hibernate.orm.connections.pooling    : HHH10001005: Database info:
	Database JDBC URL [Connecting through datasource 'HikariDataSource (HikariPool-1)']
	Database driver: undefined/unknown
	Database version: 8.0.41
	Autocommit mode: undefined/unknown
	Isolation level: undefined/unknown
	Minimum pool size: undefined/unknown
	Maximum pool size: undefined/unknown
2026-04-26T13:56:33.992+05:30  INFO 19348 --- [pizza-service] [           main] o.h.e.t.j.p.i.JtaPlatformInitiator       : HHH000489: No JTA platform available (set 'hibernate.transaction.jta.platform' to enable JTA platform integration)
2026-04-26T13:56:34.105+05:30  INFO 19348 --- [pizza-service] [           main] j.LocalContainerEntityManagerFactoryBean : Initialized JPA EntityManagerFactory for persistence unit 'default'
2026-04-26T13:56:34.552+05:30  INFO 19348 --- [pizza-service] [           main] com.prav.pizza.PizzaRepositoryTest       : Started PizzaRepositoryTest in 3.467 seconds (process running for 10.976)
Hibernate: select ps1_0.id,ps1_0.pizza_id,ps1_0.price,ps1_0.size from pizza_sizes ps1_0
Hibernate: select p1_0.id,p1_0.base_price,p1_0.description,p1_0.image_url,p1_0.is_available,p1_0.name,p1_0.restaurant_id,p1_0.vegetarian from pizzas p1_0 where p1_0.id=?
Hibernate: select p1_0.id,p1_0.base_price,p1_0.description,p1_0.image_url,p1_0.is_available,p1_0.name,p1_0.restaurant_id,p1_0.vegetarian from pizzas p1_0 where p1_0.id=?
Hibernate: select t1_0.id,t1_0.is_available,t1_0.name,t1_0.price,t1_0.restaurant_id from toppings t1_0
Hibernate: select p1_0.id,p1_0.base_price,p1_0.description,p1_0.image_url,p1_0.is_available,p1_0.name,p1_0.restaurant_id,p1_0.vegetarian from pizzas p1_0
Hibernate: select s1_0.pizza_id,s1_0.id,s1_0.price,s1_0.size from pizza_sizes s1_0 where s1_0.pizza_id=?
Hibernate: select s1_0.pizza_id,s1_0.id,s1_0.price,s1_0.size from pizza_sizes s1_0 where s1_0.pizza_id=?
Hibernate: insert into toppings (is_available,name,price,restaurant_id) values (?,?,?,?)
Hibernate: delete from pizza_toppings where pizza_id=?
Hibernate: delete from pizza_toppings where pizza_id=?
Hibernate: delete from pizza_sizes where id=?
Hibernate: delete from pizza_sizes where id=?
Hibernate: delete from pizza_sizes where id=?
Hibernate: delete from pizza_sizes where id=?
Hibernate: delete from pizza_sizes where id=?
Hibernate: delete from pizza_sizes where id=?
Hibernate: delete from toppings where id=?
Hibernate: delete from pizzas where id=?
Hibernate: delete from pizzas where id=?
Hibernate: insert into toppings (is_available,name,price,restaurant_id) values (?,?,?,?)
Hibernate: insert into toppings (is_available,name,price,restaurant_id) values (?,?,?,?)
Hibernate: select t1_0.id,t1_0.is_available,t1_0.name,t1_0.price,t1_0.restaurant_id from toppings t1_0 where t1_0.restaurant_id=?
]]></system-out>
  </testcase>
  <testcase name="findByNameContainingIgnoreCase_shouldMatchPartialWord" classname="com.prav.pizza.PizzaRepositoryTest" time="0.057">
    <system-out><![CDATA[Hibernate: select ps1_0.id,ps1_0.pizza_id,ps1_0.price,ps1_0.size from pizza_sizes ps1_0
Hibernate: select p1_0.id,p1_0.base_price,p1_0.description,p1_0.image_url,p1_0.is_available,p1_0.name,p1_0.restaurant_id,p1_0.vegetarian from pizzas p1_0 where p1_0.id=?
Hibernate: select p1_0.id,p1_0.base_price,p1_0.description,p1_0.image_url,p1_0.is_available,p1_0.name,p1_0.restaurant_id,p1_0.vegetarian from pizzas p1_0 where p1_0.id=?
Hibernate: select t1_0.id,t1_0.is_available,t1_0.name,t1_0.price,t1_0.restaurant_id from toppings t1_0
Hibernate: select p1_0.id,p1_0.base_price,p1_0.description,p1_0.image_url,p1_0.is_available,p1_0.name,p1_0.restaurant_id,p1_0.vegetarian from pizzas p1_0
Hibernate: select s1_0.pizza_id,s1_0.id,s1_0.price,s1_0.size from pizza_sizes s1_0 where s1_0.pizza_id=?
Hibernate: select s1_0.pizza_id,s1_0.id,s1_0.price,s1_0.size from pizza_sizes s1_0 where s1_0.pizza_id=?
Hibernate: insert into pizzas (base_price,description,image_url,is_available,name,restaurant_id,vegetarian) values (?,?,?,?,?,?,?)
Hibernate: delete from pizza_toppings where pizza_id=?
Hibernate: delete from pizza_toppings where pizza_id=?
Hibernate: delete from pizza_sizes where id=?
Hibernate: delete from pizza_sizes where id=?
Hibernate: delete from pizza_sizes where id=?
Hibernate: delete from pizza_sizes where id=?
Hibernate: delete from pizza_sizes where id=?
Hibernate: delete from pizza_sizes where id=?
Hibernate: delete from toppings where id=?
Hibernate: delete from pizzas where id=?
Hibernate: delete from pizzas where id=?
Hibernate: select p1_0.id,p1_0.base_price,p1_0.description,p1_0.image_url,p1_0.is_available,p1_0.name,p1_0.restaurant_id,p1_0.vegetarian from pizzas p1_0 where upper(p1_0.name) like upper(?) escape '\\'
]]></system-out>
  </testcase>
  <testcase name="findByVegetarianTrue_shouldReturnOnlyVegetarianPizzas" classname="com.prav.pizza.PizzaRepositoryTest" time="0.051">
    <system-out><![CDATA[Hibernate: select ps1_0.id,ps1_0.pizza_id,ps1_0.price,ps1_0.size from pizza_sizes ps1_0
Hibernate: select p1_0.id,p1_0.base_price,p1_0.description,p1_0.image_url,p1_0.is_available,p1_0.name,p1_0.restaurant_id,p1_0.vegetarian from pizzas p1_0 where p1_0.id=?
Hibernate: select p1_0.id,p1_0.base_price,p1_0.description,p1_0.image_url,p1_0.is_available,p1_0.name,p1_0.restaurant_id,p1_0.vegetarian from pizzas p1_0 where p1_0.id=?
Hibernate: select t1_0.id,t1_0.is_available,t1_0.name,t1_0.price,t1_0.restaurant_id from toppings t1_0
Hibernate: select p1_0.id,p1_0.base_price,p1_0.description,p1_0.image_url,p1_0.is_available,p1_0.name,p1_0.restaurant_id,p1_0.vegetarian from pizzas p1_0
Hibernate: select s1_0.pizza_id,s1_0.id,s1_0.price,s1_0.size from pizza_sizes s1_0 where s1_0.pizza_id=?
Hibernate: select s1_0.pizza_id,s1_0.id,s1_0.price,s1_0.size from pizza_sizes s1_0 where s1_0.pizza_id=?
Hibernate: insert into pizzas (base_price,description,image_url,is_available,name,restaurant_id,vegetarian) values (?,?,?,?,?,?,?)
Hibernate: delete from pizza_toppings where pizza_id=?
Hibernate: delete from pizza_toppings where pizza_id=?
Hibernate: delete from pizza_sizes where id=?
Hibernate: delete from pizza_sizes where id=?
Hibernate: delete from pizza_sizes where id=?
Hibernate: delete from pizza_sizes where id=?
Hibernate: delete from pizza_sizes where id=?
Hibernate: delete from pizza_sizes where id=?
Hibernate: delete from toppings where id=?
Hibernate: delete from pizzas where id=?
Hibernate: delete from pizzas where id=?
Hibernate: insert into pizzas (base_price,description,image_url,is_available,name,restaurant_id,vegetarian) values (?,?,?,?,?,?,?)
Hibernate: insert into pizzas (base_price,description,image_url,is_available,name,restaurant_id,vegetarian) values (?,?,?,?,?,?,?)
Hibernate: select p1_0.id,p1_0.base_price,p1_0.description,p1_0.image_url,p1_0.is_available,p1_0.name,p1_0.restaurant_id,p1_0.vegetarian from pizzas p1_0 where p1_0.vegetarian
]]></system-out>
  </testcase>
  <testcase name="toppingRepository_count_shouldWork" classname="com.prav.pizza.PizzaRepositoryTest" time="0.37">
    <system-out><![CDATA[Hibernate: select ps1_0.id,ps1_0.pizza_id,ps1_0.price,ps1_0.size from pizza_sizes ps1_0
Hibernate: select p1_0.id,p1_0.base_price,p1_0.description,p1_0.image_url,p1_0.is_available,p1_0.name,p1_0.restaurant_id,p1_0.vegetarian from pizzas p1_0 where p1_0.id=?
Hibernate: select p1_0.id,p1_0.base_price,p1_0.description,p1_0.image_url,p1_0.is_available,p1_0.name,p1_0.restaurant_id,p1_0.vegetarian from pizzas p1_0 where p1_0.id=?
Hibernate: select t1_0.id,t1_0.is_available,t1_0.name,t1_0.price,t1_0.restaurant_id from toppings t1_0
Hibernate: select p1_0.id,p1_0.base_price,p1_0.description,p1_0.image_url,p1_0.is_available,p1_0.name,p1_0.restaurant_id,p1_0.vegetarian from pizzas p1_0
Hibernate: select s1_0.pizza_id,s1_0.id,s1_0.price,s1_0.size from pizza_sizes s1_0 where s1_0.pizza_id=?
Hibernate: select s1_0.pizza_id,s1_0.id,s1_0.price,s1_0.size from pizza_sizes s1_0 where s1_0.pizza_id=?
Hibernate: insert into toppings (is_available,name,price,restaurant_id) values (?,?,?,?)
Hibernate: delete from pizza_toppings where pizza_id=?
Hibernate: delete from pizza_toppings where pizza_id=?
Hibernate: delete from pizza_sizes where id=?
Hibernate: delete from pizza_sizes where id=?
Hibernate: delete from pizza_sizes where id=?
Hibernate: delete from pizza_sizes where id=?
Hibernate: delete from pizza_sizes where id=?
Hibernate: delete from pizza_sizes where id=?
Hibernate: delete from toppings where id=?
Hibernate: delete from pizzas where id=?
Hibernate: delete from pizzas where id=?
Hibernate: select count(*) from toppings t1_0
]]></system-out>
  </testcase>
  <testcase name="pizzaSizeRepository_shouldSaveAndFindById" classname="com.prav.pizza.PizzaRepositoryTest" time="0.053">
    <system-out><![CDATA[Hibernate: select ps1_0.id,ps1_0.pizza_id,ps1_0.price,ps1_0.size from pizza_sizes ps1_0
Hibernate: select p1_0.id,p1_0.base_price,p1_0.description,p1_0.image_url,p1_0.is_available,p1_0.name,p1_0.restaurant_id,p1_0.vegetarian from pizzas p1_0 where p1_0.id=?
Hibernate: select p1_0.id,p1_0.base_price,p1_0.description,p1_0.image_url,p1_0.is_available,p1_0.name,p1_0.restaurant_id,p1_0.vegetarian from pizzas p1_0 where p1_0.id=?
Hibernate: select t1_0.id,t1_0.is_available,t1_0.name,t1_0.price,t1_0.restaurant_id from toppings t1_0
Hibernate: select p1_0.id,p1_0.base_price,p1_0.description,p1_0.image_url,p1_0.is_available,p1_0.name,p1_0.restaurant_id,p1_0.vegetarian from pizzas p1_0
Hibernate: select s1_0.pizza_id,s1_0.id,s1_0.price,s1_0.size from pizza_sizes s1_0 where s1_0.pizza_id=?
Hibernate: select s1_0.pizza_id,s1_0.id,s1_0.price,s1_0.size from pizza_sizes s1_0 where s1_0.pizza_id=?
Hibernate: insert into pizzas (base_price,description,image_url,is_available,name,restaurant_id,vegetarian) values (?,?,?,?,?,?,?)
Hibernate: delete from pizza_toppings where pizza_id=?
Hibernate: delete from pizza_toppings where pizza_id=?
Hibernate: delete from pizza_sizes where id=?
Hibernate: delete from pizza_sizes where id=?
Hibernate: delete from pizza_sizes where id=?
Hibernate: delete from pizza_sizes where id=?
Hibernate: delete from pizza_sizes where id=?
Hibernate: delete from pizza_sizes where id=?
Hibernate: delete from toppings where id=?
Hibernate: delete from pizzas where id=?
Hibernate: delete from pizzas where id=?
Hibernate: insert into pizza_sizes (pizza_id,price,size) values (?,?,?)
]]></system-out>
  </testcase>
  <testcase name="pizzaSizeRepository_shouldDeleteById" classname="com.prav.pizza.PizzaRepositoryTest" time="0.047">
    <system-out><![CDATA[Hibernate: select ps1_0.id,ps1_0.pizza_id,ps1_0.price,ps1_0.size from pizza_sizes ps1_0
Hibernate: select p1_0.id,p1_0.base_price,p1_0.description,p1_0.image_url,p1_0.is_available,p1_0.name,p1_0.restaurant_id,p1_0.vegetarian from pizzas p1_0 where p1_0.id=?
Hibernate: select p1_0.id,p1_0.base_price,p1_0.description,p1_0.image_url,p1_0.is_available,p1_0.name,p1_0.restaurant_id,p1_0.vegetarian from pizzas p1_0 where p1_0.id=?
Hibernate: select t1_0.id,t1_0.is_available,t1_0.name,t1_0.price,t1_0.restaurant_id from toppings t1_0
Hibernate: select p1_0.id,p1_0.base_price,p1_0.description,p1_0.image_url,p1_0.is_available,p1_0.name,p1_0.restaurant_id,p1_0.vegetarian from pizzas p1_0
Hibernate: select s1_0.pizza_id,s1_0.id,s1_0.price,s1_0.size from pizza_sizes s1_0 where s1_0.pizza_id=?
Hibernate: select s1_0.pizza_id,s1_0.id,s1_0.price,s1_0.size from pizza_sizes s1_0 where s1_0.pizza_id=?
Hibernate: insert into pizzas (base_price,description,image_url,is_available,name,restaurant_id,vegetarian) values (?,?,?,?,?,?,?)
Hibernate: delete from pizza_toppings where pizza_id=?
Hibernate: delete from pizza_toppings where pizza_id=?
Hibernate: delete from pizza_sizes where id=?
Hibernate: delete from pizza_sizes where id=?
Hibernate: delete from pizza_sizes where id=?
Hibernate: delete from pizza_sizes where id=?
Hibernate: delete from pizza_sizes where id=?
Hibernate: delete from pizza_sizes where id=?
Hibernate: delete from toppings where id=?
Hibernate: delete from pizzas where id=?
Hibernate: delete from pizzas where id=?
Hibernate: insert into pizza_sizes (pizza_id,price,size) values (?,?,?)
]]></system-out>
  </testcase>
  <testcase name="findByNameContainingIgnoreCase_shouldMatchCaseInsensitive" classname="com.prav.pizza.PizzaRepositoryTest" time="0.044">
    <system-out><![CDATA[Hibernate: select ps1_0.id,ps1_0.pizza_id,ps1_0.price,ps1_0.size from pizza_sizes ps1_0
Hibernate: select p1_0.id,p1_0.base_price,p1_0.description,p1_0.image_url,p1_0.is_available,p1_0.name,p1_0.restaurant_id,p1_0.vegetarian from pizzas p1_0 where p1_0.id=?
Hibernate: select p1_0.id,p1_0.base_price,p1_0.description,p1_0.image_url,p1_0.is_available,p1_0.name,p1_0.restaurant_id,p1_0.vegetarian from pizzas p1_0 where p1_0.id=?
Hibernate: select t1_0.id,t1_0.is_available,t1_0.name,t1_0.price,t1_0.restaurant_id from toppings t1_0
Hibernate: select p1_0.id,p1_0.base_price,p1_0.description,p1_0.image_url,p1_0.is_available,p1_0.name,p1_0.restaurant_id,p1_0.vegetarian from pizzas p1_0
Hibernate: select s1_0.pizza_id,s1_0.id,s1_0.price,s1_0.size from pizza_sizes s1_0 where s1_0.pizza_id=?
Hibernate: select s1_0.pizza_id,s1_0.id,s1_0.price,s1_0.size from pizza_sizes s1_0 where s1_0.pizza_id=?
Hibernate: insert into pizzas (base_price,description,image_url,is_available,name,restaurant_id,vegetarian) values (?,?,?,?,?,?,?)
Hibernate: delete from pizza_toppings where pizza_id=?
Hibernate: delete from pizza_toppings where pizza_id=?
Hibernate: delete from pizza_sizes where id=?
Hibernate: delete from pizza_sizes where id=?
Hibernate: delete from pizza_sizes where id=?
Hibernate: delete from pizza_sizes where id=?
Hibernate: delete from pizza_sizes where id=?
Hibernate: delete from pizza_sizes where id=?
Hibernate: delete from toppings where id=?
Hibernate: delete from pizzas where id=?
Hibernate: delete from pizzas where id=?
Hibernate: insert into pizzas (base_price,description,image_url,is_available,name,restaurant_id,vegetarian) values (?,?,?,?,?,?,?)
Hibernate: select p1_0.id,p1_0.base_price,p1_0.description,p1_0.image_url,p1_0.is_available,p1_0.name,p1_0.restaurant_id,p1_0.vegetarian from pizzas p1_0 where upper(p1_0.name) like upper(?) escape '\\'
]]></system-out>
  </testcase>
  <testcase name="findByVegetarianTrue_shouldReturnEmptyWhenNoneVegetarian" classname="com.prav.pizza.PizzaRepositoryTest" time="0.041">
    <system-out><![CDATA[Hibernate: select ps1_0.id,ps1_0.pizza_id,ps1_0.price,ps1_0.size from pizza_sizes ps1_0
Hibernate: select p1_0.id,p1_0.base_price,p1_0.description,p1_0.image_url,p1_0.is_available,p1_0.name,p1_0.restaurant_id,p1_0.vegetarian from pizzas p1_0 where p1_0.id=?
Hibernate: select p1_0.id,p1_0.base_price,p1_0.description,p1_0.image_url,p1_0.is_available,p1_0.name,p1_0.restaurant_id,p1_0.vegetarian from pizzas p1_0 where p1_0.id=?
Hibernate: select t1_0.id,t1_0.is_available,t1_0.name,t1_0.price,t1_0.restaurant_id from toppings t1_0
Hibernate: select p1_0.id,p1_0.base_price,p1_0.description,p1_0.image_url,p1_0.is_available,p1_0.name,p1_0.restaurant_id,p1_0.vegetarian from pizzas p1_0
Hibernate: select s1_0.pizza_id,s1_0.id,s1_0.price,s1_0.size from pizza_sizes s1_0 where s1_0.pizza_id=?
Hibernate: select s1_0.pizza_id,s1_0.id,s1_0.price,s1_0.size from pizza_sizes s1_0 where s1_0.pizza_id=?
Hibernate: insert into pizzas (base_price,description,image_url,is_available,name,restaurant_id,vegetarian) values (?,?,?,?,?,?,?)
Hibernate: delete from pizza_toppings where pizza_id=?
Hibernate: delete from pizza_toppings where pizza_id=?
Hibernate: delete from pizza_sizes where id=?
Hibernate: delete from pizza_sizes where id=?
Hibernate: delete from pizza_sizes where id=?
Hibernate: delete from pizza_sizes where id=?
Hibernate: delete from pizza_sizes where id=?
Hibernate: delete from pizza_sizes where id=?
Hibernate: delete from toppings where id=?
Hibernate: delete from pizzas where id=?
Hibernate: delete from pizzas where id=?
Hibernate: select p1_0.id,p1_0.base_price,p1_0.description,p1_0.image_url,p1_0.is_available,p1_0.name,p1_0.restaurant_id,p1_0.vegetarian from pizzas p1_0 where p1_0.vegetarian
]]></system-out>
  </testcase>
  <testcase name="pizzaSizeRepository_shouldReturnEmptyWhenNotFound" classname="com.prav.pizza.PizzaRepositoryTest" time="0.021">
    <system-out><![CDATA[Hibernate: select ps1_0.id,ps1_0.pizza_id,ps1_0.price,ps1_0.size from pizza_sizes ps1_0
Hibernate: select p1_0.id,p1_0.base_price,p1_0.description,p1_0.image_url,p1_0.is_available,p1_0.name,p1_0.restaurant_id,p1_0.vegetarian from pizzas p1_0 where p1_0.id=?
Hibernate: select p1_0.id,p1_0.base_price,p1_0.description,p1_0.image_url,p1_0.is_available,p1_0.name,p1_0.restaurant_id,p1_0.vegetarian from pizzas p1_0 where p1_0.id=?
Hibernate: select t1_0.id,t1_0.is_available,t1_0.name,t1_0.price,t1_0.restaurant_id from toppings t1_0
Hibernate: select p1_0.id,p1_0.base_price,p1_0.description,p1_0.image_url,p1_0.is_available,p1_0.name,p1_0.restaurant_id,p1_0.vegetarian from pizzas p1_0
Hibernate: select s1_0.pizza_id,s1_0.id,s1_0.price,s1_0.size from pizza_sizes s1_0 where s1_0.pizza_id=?
Hibernate: select s1_0.pizza_id,s1_0.id,s1_0.price,s1_0.size from pizza_sizes s1_0 where s1_0.pizza_id=?
Hibernate: select ps1_0.id,p1_0.id,p1_0.base_price,p1_0.description,p1_0.image_url,p1_0.is_available,p1_0.name,p1_0.restaurant_id,p1_0.vegetarian,ps1_0.price,ps1_0.size from pizza_sizes ps1_0 left join pizzas p1_0 on p1_0.id=ps1_0.pizza_id where ps1_0.id=?
]]></system-out>
  </testcase>
  <testcase name="findByNameContainingIgnoreCase_shouldReturnEmptyWhenNoMatch" classname="com.prav.pizza.PizzaRepositoryTest" time="0.042">
    <system-out><![CDATA[Hibernate: select ps1_0.id,ps1_0.pizza_id,ps1_0.price,ps1_0.size from pizza_sizes ps1_0
Hibernate: select p1_0.id,p1_0.base_price,p1_0.description,p1_0.image_url,p1_0.is_available,p1_0.name,p1_0.restaurant_id,p1_0.vegetarian from pizzas p1_0 where p1_0.id=?
Hibernate: select p1_0.id,p1_0.base_price,p1_0.description,p1_0.image_url,p1_0.is_available,p1_0.name,p1_0.restaurant_id,p1_0.vegetarian from pizzas p1_0 where p1_0.id=?
Hibernate: select t1_0.id,t1_0.is_available,t1_0.name,t1_0.price,t1_0.restaurant_id from toppings t1_0
Hibernate: select p1_0.id,p1_0.base_price,p1_0.description,p1_0.image_url,p1_0.is_available,p1_0.name,p1_0.restaurant_id,p1_0.vegetarian from pizzas p1_0
Hibernate: select s1_0.pizza_id,s1_0.id,s1_0.price,s1_0.size from pizza_sizes s1_0 where s1_0.pizza_id=?
Hibernate: select s1_0.pizza_id,s1_0.id,s1_0.price,s1_0.size from pizza_sizes s1_0 where s1_0.pizza_id=?
Hibernate: delete from pizza_toppings where pizza_id=?
Hibernate: delete from pizza_toppings where pizza_id=?
Hibernate: delete from pizza_sizes where id=?
Hibernate: delete from pizza_sizes where id=?
Hibernate: delete from pizza_sizes where id=?
Hibernate: delete from pizza_sizes where id=?
Hibernate: delete from pizza_sizes where id=?
Hibernate: delete from pizza_sizes where id=?
Hibernate: delete from toppings where id=?
Hibernate: delete from pizzas where id=?
Hibernate: delete from pizzas where id=?
Hibernate: select p1_0.id,p1_0.base_price,p1_0.description,p1_0.image_url,p1_0.is_available,p1_0.name,p1_0.restaurant_id,p1_0.vegetarian from pizzas p1_0 where upper(p1_0.name) like upper(?) escape '\\'
]]></system-out>
  </testcase>
  <testcase name="toppingFindByRestaurantId_shouldReturnEmptyListWhenNoToppings" classname="com.prav.pizza.PizzaRepositoryTest" time="0.036">
    <system-out><![CDATA[Hibernate: select ps1_0.id,ps1_0.pizza_id,ps1_0.price,ps1_0.size from pizza_sizes ps1_0
Hibernate: select p1_0.id,p1_0.base_price,p1_0.description,p1_0.image_url,p1_0.is_available,p1_0.name,p1_0.restaurant_id,p1_0.vegetarian from pizzas p1_0 where p1_0.id=?
Hibernate: select p1_0.id,p1_0.base_price,p1_0.description,p1_0.image_url,p1_0.is_available,p1_0.name,p1_0.restaurant_id,p1_0.vegetarian from pizzas p1_0 where p1_0.id=?
Hibernate: select t1_0.id,t1_0.is_available,t1_0.name,t1_0.price,t1_0.restaurant_id from toppings t1_0
Hibernate: select p1_0.id,p1_0.base_price,p1_0.description,p1_0.image_url,p1_0.is_available,p1_0.name,p1_0.restaurant_id,p1_0.vegetarian from pizzas p1_0
Hibernate: select s1_0.pizza_id,s1_0.id,s1_0.price,s1_0.size from pizza_sizes s1_0 where s1_0.pizza_id=?
Hibernate: select s1_0.pizza_id,s1_0.id,s1_0.price,s1_0.size from pizza_sizes s1_0 where s1_0.pizza_id=?
Hibernate: delete from pizza_toppings where pizza_id=?
Hibernate: delete from pizza_toppings where pizza_id=?
Hibernate: delete from pizza_sizes where id=?
Hibernate: delete from pizza_sizes where id=?
Hibernate: delete from pizza_sizes where id=?
Hibernate: delete from pizza_sizes where id=?
Hibernate: delete from pizza_sizes where id=?
Hibernate: delete from pizza_sizes where id=?
Hibernate: delete from toppings where id=?
Hibernate: delete from pizzas where id=?
Hibernate: delete from pizzas where id=?
Hibernate: select t1_0.id,t1_0.is_available,t1_0.name,t1_0.price,t1_0.restaurant_id from toppings t1_0 where t1_0.restaurant_id=?
]]></system-out>
  </testcase>
  <testcase name="findByRestaurantId_shouldReturnPizzasForGivenRestaurant" classname="com.prav.pizza.PizzaRepositoryTest" time="0.044">
    <system-out><![CDATA[Hibernate: select ps1_0.id,ps1_0.pizza_id,ps1_0.price,ps1_0.size from pizza_sizes ps1_0
Hibernate: select p1_0.id,p1_0.base_price,p1_0.description,p1_0.image_url,p1_0.is_available,p1_0.name,p1_0.restaurant_id,p1_0.vegetarian from pizzas p1_0 where p1_0.id=?
Hibernate: select p1_0.id,p1_0.base_price,p1_0.description,p1_0.image_url,p1_0.is_available,p1_0.name,p1_0.restaurant_id,p1_0.vegetarian from pizzas p1_0 where p1_0.id=?
Hibernate: select t1_0.id,t1_0.is_available,t1_0.name,t1_0.price,t1_0.restaurant_id from toppings t1_0
Hibernate: select p1_0.id,p1_0.base_price,p1_0.description,p1_0.image_url,p1_0.is_available,p1_0.name,p1_0.restaurant_id,p1_0.vegetarian from pizzas p1_0
Hibernate: select s1_0.pizza_id,s1_0.id,s1_0.price,s1_0.size from pizza_sizes s1_0 where s1_0.pizza_id=?
Hibernate: select s1_0.pizza_id,s1_0.id,s1_0.price,s1_0.size from pizza_sizes s1_0 where s1_0.pizza_id=?
Hibernate: insert into pizzas (base_price,description,image_url,is_available,name,restaurant_id,vegetarian) values (?,?,?,?,?,?,?)
Hibernate: delete from pizza_toppings where pizza_id=?
Hibernate: delete from pizza_toppings where pizza_id=?
Hibernate: delete from pizza_sizes where id=?
Hibernate: delete from pizza_sizes where id=?
Hibernate: delete from pizza_sizes where id=?
Hibernate: delete from pizza_sizes where id=?
Hibernate: delete from pizza_sizes where id=?
Hibernate: delete from pizza_sizes where id=?
Hibernate: delete from toppings where id=?
Hibernate: delete from pizzas where id=?
Hibernate: delete from pizzas where id=?
Hibernate: insert into pizzas (base_price,description,image_url,is_available,name,restaurant_id,vegetarian) values (?,?,?,?,?,?,?)
Hibernate: insert into pizzas (base_price,description,image_url,is_available,name,restaurant_id,vegetarian) values (?,?,?,?,?,?,?)
Hibernate: select p1_0.id,p1_0.base_price,p1_0.description,p1_0.image_url,p1_0.is_available,p1_0.name,p1_0.restaurant_id,p1_0.vegetarian from pizzas p1_0 where p1_0.restaurant_id=?
]]></system-out>
  </testcase>
  <testcase name="pizzaRepository_count_shouldWork" classname="com.prav.pizza.PizzaRepositoryTest" time="0.053">
    <system-out><![CDATA[Hibernate: select ps1_0.id,ps1_0.pizza_id,ps1_0.price,ps1_0.size from pizza_sizes ps1_0
Hibernate: select p1_0.id,p1_0.base_price,p1_0.description,p1_0.image_url,p1_0.is_available,p1_0.name,p1_0.restaurant_id,p1_0.vegetarian from pizzas p1_0 where p1_0.id=?
Hibernate: select p1_0.id,p1_0.base_price,p1_0.description,p1_0.image_url,p1_0.is_available,p1_0.name,p1_0.restaurant_id,p1_0.vegetarian from pizzas p1_0 where p1_0.id=?
Hibernate: select t1_0.id,t1_0.is_available,t1_0.name,t1_0.price,t1_0.restaurant_id from toppings t1_0
Hibernate: select p1_0.id,p1_0.base_price,p1_0.description,p1_0.image_url,p1_0.is_available,p1_0.name,p1_0.restaurant_id,p1_0.vegetarian from pizzas p1_0
Hibernate: select s1_0.pizza_id,s1_0.id,s1_0.price,s1_0.size from pizza_sizes s1_0 where s1_0.pizza_id=?
Hibernate: select s1_0.pizza_id,s1_0.id,s1_0.price,s1_0.size from pizza_sizes s1_0 where s1_0.pizza_id=?
Hibernate: insert into pizzas (base_price,description,image_url,is_available,name,restaurant_id,vegetarian) values (?,?,?,?,?,?,?)
Hibernate: delete from pizza_toppings where pizza_id=?
Hibernate: delete from pizza_toppings where pizza_id=?
Hibernate: delete from pizza_sizes where id=?
Hibernate: delete from pizza_sizes where id=?
Hibernate: delete from pizza_sizes where id=?
Hibernate: delete from pizza_sizes where id=?
Hibernate: delete from pizza_sizes where id=?
Hibernate: delete from pizza_sizes where id=?
Hibernate: delete from toppings where id=?
Hibernate: delete from pizzas where id=?
Hibernate: delete from pizzas where id=?
Hibernate: insert into pizzas (base_price,description,image_url,is_available,name,restaurant_id,vegetarian) values (?,?,?,?,?,?,?)
Hibernate: select count(*) from pizzas p1_0
]]></system-out>
  </testcase>
  <testcase name="findByRestaurantId_shouldReturnEmptyListWhenNoPizzas" classname="com.prav.pizza.PizzaRepositoryTest" time="0.042">
    <system-out><![CDATA[Hibernate: select ps1_0.id,ps1_0.pizza_id,ps1_0.price,ps1_0.size from pizza_sizes ps1_0
Hibernate: select p1_0.id,p1_0.base_price,p1_0.description,p1_0.image_url,p1_0.is_available,p1_0.name,p1_0.restaurant_id,p1_0.vegetarian from pizzas p1_0 where p1_0.id=?
Hibernate: select p1_0.id,p1_0.base_price,p1_0.description,p1_0.image_url,p1_0.is_available,p1_0.name,p1_0.restaurant_id,p1_0.vegetarian from pizzas p1_0 where p1_0.id=?
Hibernate: select t1_0.id,t1_0.is_available,t1_0.name,t1_0.price,t1_0.restaurant_id from toppings t1_0
Hibernate: select p1_0.id,p1_0.base_price,p1_0.description,p1_0.image_url,p1_0.is_available,p1_0.name,p1_0.restaurant_id,p1_0.vegetarian from pizzas p1_0
Hibernate: select s1_0.pizza_id,s1_0.id,s1_0.price,s1_0.size from pizza_sizes s1_0 where s1_0.pizza_id=?
Hibernate: select s1_0.pizza_id,s1_0.id,s1_0.price,s1_0.size from pizza_sizes s1_0 where s1_0.pizza_id=?
Hibernate: delete from pizza_toppings where pizza_id=?
Hibernate: delete from pizza_toppings where pizza_id=?
Hibernate: delete from pizza_sizes where id=?
Hibernate: delete from pizza_sizes where id=?
Hibernate: delete from pizza_sizes where id=?
Hibernate: delete from pizza_sizes where id=?
Hibernate: delete from pizza_sizes where id=?
Hibernate: delete from pizza_sizes where id=?
Hibernate: delete from toppings where id=?
Hibernate: delete from pizzas where id=?
Hibernate: delete from pizzas where id=?
Hibernate: select p1_0.id,p1_0.base_price,p1_0.description,p1_0.image_url,p1_0.is_available,p1_0.name,p1_0.restaurant_id,p1_0.vegetarian from pizzas p1_0 where p1_0.restaurant_id=?
]]></system-out>
  </testcase>
</testsuite>