<?xml version="1.0" encoding="UTF-8"?>
<testsuite xmlns:xsi="http://www.w3.org/2001/XMLSchema-instance" xsi:noNamespaceSchemaLocation="https://maven.apache.org/surefire/maven-surefire-plugin/xsd/surefire-test-report.xsd" version="3.0.2" name="com.prav.pizza.controller.PizzaControllerTest" time="6.185" tests="21" errors="0" skipped="0" failures="0">
  <properties>
[...]
</properties>
  <testcase name="updatePizza_asAdmin_returns200" classname="com.prav.pizza.controller.PizzaControllerTest" time="0.543">
    <system-out><![CDATA[13:56:24.708 [main] INFO org.springframework.test.context.support.AnnotationConfigContextLoaderUtils -- Could not detect default configuration classes for test class [com.prav.pizza.controller.PizzaControllerTest]: PizzaControllerTest does not declare any static, non-private, non-final, nested classes annotated with @Configuration.
13:56:24.930 [main] INFO org.springframework.boot.test.context.SpringBootTestContextBootstrapper -- Found @SpringBootConfiguration com.prav.pizza.PizzaServiceApplication for test class com.prav.pizza.controller.PizzaControllerTest

  .   ____          _            __ _ _
 /\\ / ___'_ __ _ _(_)_ __  __ _ \ \ \ \
( ( )\___ | '_ | '_| | '_ \/ _` | \ \ \ \
 \\/  ___)| |_)| | | | | || (_| |  ) ) ) )
  '  |____| .__|_| |_|_| |_\__, | / / / /
 =========|_|==============|___/=/_/_/_/

 :: Spring Boot ::                (v3.4.0)

2026-04-26T13:56:25.909+05:30  INFO 19348 --- [pizza-service] [           main] c.p.p.controller.PizzaControllerTest     : Starting PizzaControllerTest using Java 21.0.10 with PID 19348 (started by SHADOWTH in D:\Eclipse IDE\Pizza\pizza-restaurant\pizza-service)
2026-04-26T13:56:25.912+05:30  INFO 19348 --- [pizza-service] [           main] c.p.p.controller.PizzaControllerTest     : No active profile set, falling back to 1 default profile: "default"
2026-04-26T13:56:29.713+05:30  INFO 19348 --- [pizza-service] [           main] o.s.b.t.m.w.SpringBootMockServletContext : Initializing Spring TestDispatcherServlet ''
2026-04-26T13:56:29.714+05:30  INFO 19348 --- [pizza-service] [           main] o.s.t.web.servlet.TestDispatcherServlet  : Initializing Servlet ''
2026-04-26T13:56:29.720+05:30  INFO 19348 --- [pizza-service] [           main] o.s.t.web.servlet.TestDispatcherServlet  : Completed initialization in 2 ms
2026-04-26T13:56:29.794+05:30  INFO 19348 --- [pizza-service] [           main] c.p.p.controller.PizzaControllerTest     : Started PizzaControllerTest in 4.568 seconds (process running for 6.217)
]]></system-out>
    <system-err><![CDATA[Mockito is currently self-attaching to enable the inline-mock-maker. This will no longer work in future releases of the JDK. Please add Mockito as an agent to your build what is described in Mockito's documentation: https://javadoc.io/doc/org.mockito/mockito-core/latest/org/mockito/Mockito.html#0.3
WARNING: A Java agent has been loaded dynamically (C:\Users\SHADOWTH\.m2\repository\net\bytebuddy\byte-buddy-agent\1.15.10\byte-buddy-agent-1.15.10.jar)
WARNING: If a serviceability tool is in use, please run with -XX:+EnableDynamicAgentLoading to hide this warning
WARNING: If a serviceability tool is not in use, please run with -Djdk.instrument.traceUsage for more information
WARNING: Dynamic loading of agents will be disallowed by default in a future release
]]></system-err>
  </testcase>
  <testcase name="updatePizza_asUser_returns403" classname="com.prav.pizza.controller.PizzaControllerTest" time="0.019"/>
  <testcase name="createPizza_asStaff_returns201" classname="com.prav.pizza.controller.PizzaControllerTest" time="0.012"/>
  <testcase name="getToppingsByRestaurant_returns200" classname="com.prav.pizza.controller.PizzaControllerTest" time="0.019"/>
  <testcase name="getPizzaById_notFound_returns404" classname="com.prav.pizza.controller.PizzaControllerTest" time="0.012"/>
  <testcase name="addSize_asAdmin_returns201" classname="com.prav.pizza.controller.PizzaControllerTest" time="0.01"/>
  <testcase name="createPizza_asAdmin_returns201" classname="com.prav.pizza.controller.PizzaControllerTest" time="0.008"/>
  <testcase name="getAllPizzas_returns200" classname="com.prav.pizza.controller.PizzaControllerTest" time="0.007"/>
  <testcase name="createPizza_asUser_returns403" classname="com.prav.pizza.controller.PizzaControllerTest" time="0.009"/>
  <testcase name="getPizzasByRestaurant_returns200" classname="com.prav.pizza.controller.PizzaControllerTest" time="0.008"/>
  <testcase name="getAllToppings_returns200" classname="com.prav.pizza.controller.PizzaControllerTest" time="0.009"/>
  <testcase name="addSize_asUser_returns403" classname="com.prav.pizza.controller.PizzaControllerTest" time="0.009"/>
  <testcase name="deletePizza_asAdmin_returns200" classname="com.prav.pizza.controller.PizzaControllerTest" time="0.017"/>
  <testcase name="deleteTopping_asUser_returns403" classname="com.prav.pizza.controller.PizzaControllerTest" time="0.01"/>
  <testcase name="createTopping_asUser_returns403" classname="com.prav.pizza.controller.PizzaControllerTest" time="0.01"/>
  <testcase name="deletePizza_asUser_returns403" classname="com.prav.pizza.controller.PizzaControllerTest" time="0.007"/>
  <testcase name="searchPizzas_returns200" classname="com.prav.pizza.controller.PizzaControllerTest" time="0.012"/>
  <testcase name="createTopping_asAdmin_returns201" classname="com.prav.pizza.controller.PizzaControllerTest" time="0.021"/>
  <testcase name="deleteTopping_asAdmin_returns200" classname="com.prav.pizza.controller.PizzaControllerTest" time="0.008"/>
  <testcase name="getVegetarianPizzas_returns200" classname="com.prav.pizza.controller.PizzaControllerTest" time="0.006"/>
  <testcase name="getPizzaById_returns200" classname="com.prav.pizza.controller.PizzaControllerTest" time="0.011"/>
</testsuite>