<?xml version="1.0" encoding="UTF-8"?>
<testsuite xmlns:xsi="http://www.w3.org/2001/XMLSchema-instance" xsi:noNamespaceSchemaLocation="https://maven.apache.org/surefire/maven-surefire-plugin/xsd/surefire-test-report.xsd" version="3.0.2" name="com.prav.order.controller.OrderControllerTest" time="4.085" tests="28" errors="0" skipped="0" failures="0">
  <properties>
[...]
</properties>
  <testcase name="getDailyRevenue_successForStaff" classname="com.prav.order.controller.OrderControllerTest" time="2.541">
    <system-out><![CDATA[18:47:43.972 [main] INFO org.hibernate.validator.internal.util.Version -- HV000001: Hibernate Validator 8.0.1.Final
18:47:45.414 [main] INFO org.springframework.mock.web.MockServletContext -- Initializing Spring TestDispatcherServlet ''
18:47:45.414 [main] INFO org.springframework.test.web.servlet.TestDispatcherServlet -- Initializing Servlet ''
18:47:45.419 [main] INFO org.springframework.test.web.servlet.TestDispatcherServlet -- Completed initialization in 4 ms
]]></system-out>
  </testcase>
  <testcase name="updateStatus_orderNotFound" classname="com.prav.order.controller.OrderControllerTest" time="0.058">
    <system-out><![CDATA[18:47:45.680 [main] INFO org.springframework.mock.web.MockServletContext -- Initializing Spring TestDispatcherServlet ''
18:47:45.680 [main] INFO org.springframework.test.web.servlet.TestDispatcherServlet -- Initializing Servlet ''
18:47:45.680 [main] INFO org.springframework.test.web.servlet.TestDispatcherServlet -- Completed initialization in 0 ms
]]></system-out>
  </testcase>
  <testcase name="getRevenueByRange_success" classname="com.prav.order.controller.OrderControllerTest" time="0.115">
    <system-out><![CDATA[18:47:45.730 [main] INFO org.springframework.mock.web.MockServletContext -- Initializing Spring TestDispatcherServlet ''
18:47:45.731 [main] INFO org.springframework.test.web.servlet.TestDispatcherServlet -- Initializing Servlet ''
18:47:45.731 [main] INFO org.springframework.test.web.servlet.TestDispatcherServlet -- Completed initialization in 0 ms
]]></system-out>
  </testcase>
  <testcase name="getPopularPizzas_success" classname="com.prav.order.controller.OrderControllerTest" time="0.044">
    <system-out><![CDATA[18:47:45.846 [main] INFO org.springframework.mock.web.MockServletContext -- Initializing Spring TestDispatcherServlet ''
18:47:45.847 [main] INFO org.springframework.test.web.servlet.TestDispatcherServlet -- Initializing Servlet ''
18:47:45.847 [main] INFO org.springframework.test.web.servlet.TestDispatcherServlet -- Completed initialization in 0 ms
]]></system-out>
  </testcase>
  <testcase name="getTopCustomers_success" classname="com.prav.order.controller.OrderControllerTest" time="0.043">
    <system-out><![CDATA[18:47:45.889 [main] INFO org.springframework.mock.web.MockServletContext -- Initializing Spring TestDispatcherServlet ''
18:47:45.889 [main] INFO org.springframework.test.web.servlet.TestDispatcherServlet -- Initializing Servlet ''
18:47:45.891 [main] INFO org.springframework.test.web.servlet.TestDispatcherServlet -- Completed initialization in 2 ms
]]></system-out>
  </testcase>
  <testcase name="cancelOrder_alreadyDelivered" classname="com.prav.order.controller.OrderControllerTest" time="0.295">
    <system-out><![CDATA[18:47:45.941 [main] INFO org.springframework.mock.web.MockServletContext -- Initializing Spring TestDispatcherServlet ''
18:47:45.942 [main] INFO org.springframework.test.web.servlet.TestDispatcherServlet -- Initializing Servlet ''
18:47:45.942 [main] INFO org.springframework.test.web.servlet.TestDispatcherServlet -- Completed initialization in 0 ms
]]></system-out>
  </testcase>
  <testcase name="updateStatus_success_asAdmin" classname="com.prav.order.controller.OrderControllerTest" time="0.054">
    <system-out><![CDATA[18:47:46.227 [main] INFO org.springframework.mock.web.MockServletContext -- Initializing Spring TestDispatcherServlet ''
18:47:46.227 [main] INFO org.springframework.test.web.servlet.TestDispatcherServlet -- Initializing Servlet ''
18:47:46.227 [main] INFO org.springframework.test.web.servlet.TestDispatcherServlet -- Completed initialization in 0 ms
]]></system-out>
  </testcase>
  <testcase name="getOrderStatusSummary_success_asAdmin" classname="com.prav.order.controller.OrderControllerTest" time="0.048">
    <system-out><![CDATA[18:47:46.288 [main] INFO org.springframework.mock.web.MockServletContext -- Initializing Spring TestDispatcherServlet ''
18:47:46.289 [main] INFO org.springframework.test.web.servlet.TestDispatcherServlet -- Initializing Servlet ''
18:47:46.289 [main] INFO org.springframework.test.web.servlet.TestDispatcherServlet -- Completed initialization in 0 ms
]]></system-out>
  </testcase>
  <testcase name="getOrderStatusSummary_success_asStaff" classname="com.prav.order.controller.OrderControllerTest" time="0.044">
    <system-out><![CDATA[18:47:46.339 [main] INFO org.springframework.mock.web.MockServletContext -- Initializing Spring TestDispatcherServlet ''
18:47:46.340 [main] INFO org.springframework.test.web.servlet.TestDispatcherServlet -- Initializing Servlet ''
18:47:46.340 [main] INFO org.springframework.test.web.servlet.TestDispatcherServlet -- Completed initialization in 0 ms
]]></system-out>
  </testcase>
  <testcase name="verifyPayment_success" classname="com.prav.order.controller.OrderControllerTest" time="0.043">
    <system-out><![CDATA[18:47:46.374 [main] INFO org.springframework.mock.web.MockServletContext -- Initializing Spring TestDispatcherServlet ''
18:47:46.374 [main] INFO org.springframework.test.web.servlet.TestDispatcherServlet -- Initializing Servlet ''
18:47:46.375 [main] INFO org.springframework.test.web.servlet.TestDispatcherServlet -- Completed initialization in 1 ms
]]></system-out>
  </testcase>
  <testcase name="placeOrder_validationFails_quantityTooHigh" classname="com.prav.order.controller.OrderControllerTest" time="0.184">
    <system-out><![CDATA[18:47:46.412 [main] INFO org.springframework.mock.web.MockServletContext -- Initializing Spring TestDispatcherServlet ''
18:47:46.414 [main] INFO org.springframework.test.web.servlet.TestDispatcherServlet -- Initializing Servlet ''
18:47:46.414 [main] INFO org.springframework.test.web.servlet.TestDispatcherServlet -- Completed initialization in 0 ms
18:47:46.582 [main] WARN org.springframework.web.servlet.mvc.support.DefaultHandlerExceptionResolver -- Resolved [org.springframework.web.bind.MethodArgumentNotValidException: Validation failed for argument [2] in public org.springframework.http.ResponseEntity<com.prav.common.dto.ApiResponse<com.prav.order.dto.OrderResponseDTO>> com.prav.order.controller.OrderController.placeOrder(java.lang.Long,java.lang.String,com.prav.order.dto.OrderRequestDTO) with 3 errors: [Field error in object 'orderRequestDTO' on field 'paymentMethod': rejected value [null]; codes [NotNull.orderRequestDTO.paymentMethod,NotNull.paymentMethod,NotNull.java.lang.String,NotNull]; arguments [org.springframework.context.support.DefaultMessageSourceResolvable: codes [orderRequestDTO.paymentMethod,paymentMethod]; arguments []; default message [paymentMethod]]; default message [Payment method is required]] [Field error in object 'orderRequestDTO' on field 'deliveryAddress': rejected value [null]; codes [NotNull.orderRequestDTO.deliveryAddress,NotNull.deliveryAddress,NotNull.java.lang.String,NotNull]; arguments [org.springframework.context.support.DefaultMessageSourceResolvable: codes [orderRequestDTO.deliveryAddress,deliveryAddress]; arguments []; default message [deliveryAddress]]; default message [Delivery address is required]] [Field error in object 'orderRequestDTO' on field 'items[0].quantity': rejected value [25]; codes [Max.orderRequestDTO.items[0].quantity,Max.orderRequestDTO.items.quantity,Max.items[0].quantity,Max.items.quantity,Max.quantity,Max.java.lang.Integer,Max]; arguments [org.springframework.context.support.DefaultMessageSourceResolvable: codes [orderRequestDTO.items[0].quantity,items[0].quantity]; arguments []; default message [items[0].quantity],20]; default message [Maximum 20 pizzas per item]] ]
]]></system-out>
  </testcase>
  <testcase name="placeOrder_success" classname="com.prav.order.controller.OrderControllerTest" time="0.067">
    <system-out><![CDATA[18:47:46.598 [main] INFO org.springframework.mock.web.MockServletContext -- Initializing Spring TestDispatcherServlet ''
18:47:46.598 [main] INFO org.springframework.test.web.servlet.TestDispatcherServlet -- Initializing Servlet ''
18:47:46.598 [main] INFO org.springframework.test.web.servlet.TestDispatcherServlet -- Completed initialization in 0 ms
]]></system-out>
  </testcase>
  <testcase name="getRevenue_success_asAdmin" classname="com.prav.order.controller.OrderControllerTest" time="0.03">
    <system-out><![CDATA[18:47:46.668 [main] INFO org.springframework.mock.web.MockServletContext -- Initializing Spring TestDispatcherServlet ''
18:47:46.668 [main] INFO org.springframework.test.web.servlet.TestDispatcherServlet -- Initializing Servlet ''
18:47:46.668 [main] INFO org.springframework.test.web.servlet.TestDispatcherServlet -- Completed initialization in 0 ms
]]></system-out>
  </testcase>
  <testcase name="getRestaurantOrders_success_asAdmin" classname="com.prav.order.controller.OrderControllerTest" time="0.026">
    <system-out><![CDATA[18:47:46.697 [main] INFO org.springframework.mock.web.MockServletContext -- Initializing Spring TestDispatcherServlet ''
18:47:46.698 [main] INFO org.springframework.test.web.servlet.TestDispatcherServlet -- Initializing Servlet ''
18:47:46.698 [main] INFO org.springframework.test.web.servlet.TestDispatcherServlet -- Completed initialization in 0 ms
]]></system-out>
  </testcase>
  <testcase name="getRestaurantOrders_success_asStaff" classname="com.prav.order.controller.OrderControllerTest" time="0.028">
    <system-out><![CDATA[18:47:46.726 [main] INFO org.springframework.mock.web.MockServletContext -- Initializing Spring TestDispatcherServlet ''
18:47:46.726 [main] INFO org.springframework.test.web.servlet.TestDispatcherServlet -- Initializing Servlet ''
18:47:46.726 [main] INFO org.springframework.test.web.servlet.TestDispatcherServlet -- Completed initialization in 0 ms
]]></system-out>
  </testcase>
  <testcase name="placeOrder_serviceThrowsException" classname="com.prav.order.controller.OrderControllerTest" time="0.066">
    <system-out><![CDATA[18:47:46.763 [main] INFO org.springframework.mock.web.MockServletContext -- Initializing Spring TestDispatcherServlet ''
18:47:46.764 [main] INFO org.springframework.test.web.servlet.TestDispatcherServlet -- Initializing Servlet ''
18:47:46.764 [main] INFO org.springframework.test.web.servlet.TestDispatcherServlet -- Completed initialization in 0 ms
]]></system-out>
  </testcase>
  <testcase name="createPaymentOrder_success" classname="com.prav.order.controller.OrderControllerTest" time="0.034">
    <system-out><![CDATA[18:47:46.822 [main] INFO org.springframework.mock.web.MockServletContext -- Initializing Spring TestDispatcherServlet ''
18:47:46.823 [main] INFO org.springframework.test.web.servlet.TestDispatcherServlet -- Initializing Servlet ''
18:47:46.823 [main] INFO org.springframework.test.web.servlet.TestDispatcherServlet -- Completed initialization in 0 ms
]]></system-out>
  </testcase>
  <testcase name="getMyOrders_success" classname="com.prav.order.controller.OrderControllerTest" time="0.037">
    <system-out><![CDATA[18:47:46.862 [main] INFO org.springframework.mock.web.MockServletContext -- Initializing Spring TestDispatcherServlet ''
18:47:46.863 [main] INFO org.springframework.test.web.servlet.TestDispatcherServlet -- Initializing Servlet ''
18:47:46.863 [main] INFO org.springframework.test.web.servlet.TestDispatcherServlet -- Completed initialization in 0 ms
]]></system-out>
  </testcase>
  <testcase name="getPopularPizzas_forbiddenForUser" classname="com.prav.order.controller.OrderControllerTest" time="0.023">
    <system-out><![CDATA[18:47:46.894 [main] INFO org.springframework.mock.web.MockServletContext -- Initializing Spring TestDispatcherServlet ''
18:47:46.894 [main] INFO org.springframework.test.web.servlet.TestDispatcherServlet -- Initializing Servlet ''
18:47:46.894 [main] INFO org.springframework.test.web.servlet.TestDispatcherServlet -- Completed initialization in 0 ms
]]></system-out>
  </testcase>
  <testcase name="getOrderItems_success" classname="com.prav.order.controller.OrderControllerTest" time="0.031">
    <system-out><![CDATA[18:47:46.918 [main] INFO org.springframework.mock.web.MockServletContext -- Initializing Spring TestDispatcherServlet ''
18:47:46.918 [main] INFO org.springframework.test.web.servlet.TestDispatcherServlet -- Initializing Servlet ''
18:47:46.918 [main] INFO org.springframework.test.web.servlet.TestDispatcherServlet -- Completed initialization in 0 ms
]]></system-out>
  </testcase>
  <testcase name="cancelOrder_success" classname="com.prav.order.controller.OrderControllerTest" time="0.04">
    <system-out><![CDATA[18:47:46.956 [main] INFO org.springframework.mock.web.MockServletContext -- Initializing Spring TestDispatcherServlet ''
18:47:46.956 [main] INFO org.springframework.test.web.servlet.TestDispatcherServlet -- Initializing Servlet ''
18:47:46.957 [main] INFO org.springframework.test.web.servlet.TestDispatcherServlet -- Completed initialization in 1 ms
]]></system-out>
  </testcase>
  <testcase name="getOrderStatusSummary_forbiddenForUser" classname="com.prav.order.controller.OrderControllerTest" time="0.025">
    <system-out><![CDATA[18:47:46.993 [main] INFO org.springframework.mock.web.MockServletContext -- Initializing Spring TestDispatcherServlet ''
18:47:46.993 [main] INFO org.springframework.test.web.servlet.TestDispatcherServlet -- Initializing Servlet ''
18:47:46.993 [main] INFO org.springframework.test.web.servlet.TestDispatcherServlet -- Completed initialization in 0 ms
]]></system-out>
  </testcase>
  <testcase name="updateStatus_forbiddenForUser" classname="com.prav.order.controller.OrderControllerTest" time="0.022">
    <system-out><![CDATA[18:47:47.016 [main] INFO org.springframework.mock.web.MockServletContext -- Initializing Spring TestDispatcherServlet ''
18:47:47.016 [main] INFO org.springframework.test.web.servlet.TestDispatcherServlet -- Initializing Servlet ''
18:47:47.016 [main] INFO org.springframework.test.web.servlet.TestDispatcherServlet -- Completed initialization in 0 ms
]]></system-out>
  </testcase>
  <testcase name="getDailyRevenue_success" classname="com.prav.order.controller.OrderControllerTest" time="0.032">
    <system-out><![CDATA[18:47:47.040 [main] INFO org.springframework.mock.web.MockServletContext -- Initializing Spring TestDispatcherServlet ''
18:47:47.040 [main] INFO org.springframework.test.web.servlet.TestDispatcherServlet -- Initializing Servlet ''
18:47:47.040 [main] INFO org.springframework.test.web.servlet.TestDispatcherServlet -- Completed initialization in 0 ms
]]></system-out>
  </testcase>
  <testcase name="getRestaurantOrders_forbiddenForUser" classname="com.prav.order.controller.OrderControllerTest" time="0.027">
    <system-out><![CDATA[18:47:47.075 [main] INFO org.springframework.mock.web.MockServletContext -- Initializing Spring TestDispatcherServlet ''
18:47:47.076 [main] INFO org.springframework.test.web.servlet.TestDispatcherServlet -- Initializing Servlet ''
18:47:47.076 [main] INFO org.springframework.test.web.servlet.TestDispatcherServlet -- Completed initialization in 0 ms
]]></system-out>
  </testcase>
  <testcase name="updateStatus_invalidStatus" classname="com.prav.order.controller.OrderControllerTest" time="0.029">
    <system-out><![CDATA[18:47:47.103 [main] INFO org.springframework.mock.web.MockServletContext -- Initializing Spring TestDispatcherServlet ''
18:47:47.103 [main] INFO org.springframework.test.web.servlet.TestDispatcherServlet -- Initializing Servlet ''
18:47:47.103 [main] INFO org.springframework.test.web.servlet.TestDispatcherServlet -- Completed initialization in 0 ms
]]></system-out>
  </testcase>
  <testcase name="getRevenue_forbiddenForUser" classname="com.prav.order.controller.OrderControllerTest" time="0.024">
    <system-out><![CDATA[18:47:47.129 [main] INFO org.springframework.mock.web.MockServletContext -- Initializing Spring TestDispatcherServlet ''
18:47:47.129 [main] INFO org.springframework.test.web.servlet.TestDispatcherServlet -- Initializing Servlet ''
18:47:47.130 [main] INFO org.springframework.test.web.servlet.TestDispatcherServlet -- Completed initialization in 1 ms
]]></system-out>
  </testcase>
  <testcase name="placeOrder_validationFails_missingFields" classname="com.prav.order.controller.OrderControllerTest" time="0.044">
    <system-out><![CDATA[18:47:47.152 [main] INFO org.springframework.mock.web.MockServletContext -- Initializing Spring TestDispatcherServlet ''
18:47:47.153 [main] INFO org.springframework.test.web.servlet.TestDispatcherServlet -- Initializing Servlet ''
18:47:47.153 [main] INFO org.springframework.test.web.servlet.TestDispatcherServlet -- Completed initialization in 0 ms
18:47:47.182 [main] WARN org.springframework.web.servlet.mvc.support.DefaultHandlerExceptionResolver -- Resolved [org.springframework.web.bind.MethodArgumentNotValidException: Validation failed for argument [2] in public org.springframework.http.ResponseEntity<com.prav.common.dto.ApiResponse<com.prav.order.dto.OrderResponseDTO>> com.prav.order.controller.OrderController.placeOrder(java.lang.Long,java.lang.String,com.prav.order.dto.OrderRequestDTO) with 4 errors: [Field error in object 'orderRequestDTO' on field 'items': rejected value [[]]; codes [Size.orderRequestDTO.items,Size.items,Size.java.util.List,Size]; arguments [org.springframework.context.support.DefaultMessageSourceResolvable: codes [orderRequestDTO.items,items]; arguments []; default message [items],2147483647,1]; default message [At least one item is required]] [Field error in object 'orderRequestDTO' on field 'paymentMethod': rejected value [null]; codes [NotNull.orderRequestDTO.paymentMethod,NotNull.paymentMethod,NotNull.java.lang.String,NotNull]; arguments [org.springframework.context.support.DefaultMessageSourceResolvable: codes [orderRequestDTO.paymentMethod,paymentMethod]; arguments []; default message [paymentMethod]]; default message [Payment method is required]] [Field error in object 'orderRequestDTO' on field 'deliveryAddress': rejected value [null]; codes [NotNull.orderRequestDTO.deliveryAddress,NotNull.deliveryAddress,NotNull.java.lang.String,NotNull]; arguments [org.springframework.context.support.DefaultMessageSourceResolvable: codes [orderRequestDTO.deliveryAddress,deliveryAddress]; arguments []; default message [deliveryAddress]]; default message [Delivery address is required]] [Field error in object 'orderRequestDTO' on field 'restaurantId': rejected value [null]; codes [NotNull.orderRequestDTO.restaurantId,NotNull.restaurantId,NotNull.java.lang.Long,NotNull]; arguments [org.springframework.context.support.DefaultMessageSourceResolvable: codes [orderRequestDTO.restaurantId,restaurantId]; arguments []; default message [restaurantId]]; default message [Restaurant ID is required]] ]
]]></system-out>
  </testcase>
</testsuite>